<caclp;
TIME

LOCAL TIME

DATE     TIME     SUMMERTIME     DAY      DCAT
230430   134053   NO             SUN      2


REFERENCE CLOCKS

RC      DEV     STATE            URCTYPE  SERVICE   LOCATION
URC1            NOT CONNECTED
URC2            NOT CONNECTED
URC3            NOT CONNECTED

END

<rxmsp:mo=rxomctr-22-0&rxotx-22-0&-1&rxomctr-22-1&rxotx-22-1&rxomctr-22-2&rxotx-22-4&-5&rxomctr-22-3&rxotx-22-6;
RADIO X-CEIVER ADMINISTRATION
MANAGED OBJECT STATUS

MO               STATE  BLSTATE    BLO   BLA   LMO    BTS   CONF
RXOMCTR-22-0     FAIL   BLO        0001  001E  0140   RES   UNCONF
RXOTX-22-0       NOOP   BLO        0010  000A  4140   RES   UNCONF
RXOTX-22-1       NOOP   BLO        0010  000A  4140   RES   UNCONF
RXOMCTR-22-1     FAIL   BLO        0001  001E  0140   RES   UNCONF
RXOTX-22-1       NOOP   BLO        0010  000A  4140   RES   UNCONF
RXOMCTR-22-2     FAIL   BLO        0001  001E  0140   RES   UNCONF
RXOTX-22-4       NOOP   BLO        0010  000A  4140   RES   UNCONF
RXOTX-22-5       NOOP   BLO        0010  000A  4140   RES   UNCONF
RXOMCTR-22-3     FAIL   BLO        0001  001E  0140   RES   UNCONF
RXOTX-22-6       NOOP   BLO        0010  000A  4140   RES   UNCONF

END

<rxmsp:mo=rxomctr-22-4&rxotx-22-8&-9&rxomctr-22-5&rxotx-22-10;
RADIO X-CEIVER ADMINISTRATION
MANAGED OBJECT STATUS

MO               STATE  BLSTATE    BLO   BLA   LMO    BTS   CONF
RXOMCTR-22-4     FAIL   BLO        0001  001E  0140   RES   UNCONF
RXOTX-22-8       NOOP   BLO        0010  000A  4140   RES   UNCONF
RXOTX-22-9       NOOP   BLO        0010  000A  4140   RES   UNCONF
RXOMCTR-22-5     FAIL   BLO        0001  001E  0140   RES   UNCONF
RXOTX-22-10      NOOP   BLO        0010  000A  4140   RES   UNCONF

END

<rxasp:mo=rxotg-22;
RADIO X-CEIVER ADMINISTRATION
MANAGED OBJECT ALARM SITUATIONS

MO                SCGR  SC         RSITE           ALARM SITUATION
RXOTG-22                           NQAG05
RXOCF-22                           NQAG05          OPERATOR CONDITION
RXOTRX-22-0                        NQAG05          LOCAL MODE
RXOTRX-22-1                        NQAG05          LOCAL MODE
RXOTRX-22-2                        NQAG05          LOCAL MODE
RXOTRX-22-4                        NQAG05          OML FAULT
RXOTRX-22-5                        NQAG05          OML FAULT
RXOTRX-22-6                        NQAG05          OML FAULT
RXOTRX-22-8                        NQAG05          OML FAULT
RXOTRX-22-9                        NQAG05          OML FAULT
RXOTRX-22-10                       NQAG05          OML FAULT
RXOMCTR-22-0                       NQAG05          PERMANENT FAULT
RXOMCTR-22-1                       NQAG05          PERMANENT FAULT
RXOMCTR-22-2                       NQAG05          PERMANENT FAULT
RXOMCTR-22-3                       NQAG05          PERMANENT FAULT
RXOMCTR-22-4                       NQAG05          PERMANENT FAULT
RXOMCTR-22-5                       NQAG05          PERMANENT FAULT

END

<rxmfp:mo=rxotg-22,subord,faulty;
RADIO X-CEIVER ADMINISTRATION
MANAGED OBJECT FAULT INFORMATION

MO                   BTSSWVER          
RXOCF-22             ERA-G07-R32-V01

RU  RUREVISION                           RUSERIALNO
 0  KDU 137 569/1         R2B            D161545153   

    RUPOSITION                           RULOGICALID
    C:0 R:? SH:23 SL:  1                 DX   DUG 20 01                0

RU  RUREVISION                           RUSERIALNO
 1  BML 161 174/1         R4A            BR82091911   

    RUPOSITION                           RULOGICALID
    C:0 R:? SH: 2 SL:  8                 PS   PSU AC 01                0

RU  RUREVISION                           RUSERIALNO
 2  BML 161 174/1         R4A            BR82091953   

    RUPOSITION                           RULOGICALID
    C:0 R:? SH: 2 SL:  7                 PS   PSU AC 01                1

RU  RUREVISION                           RUSERIALNO
 3  BML 161 174/1         R4A            BR82091884   

    RUPOSITION                           RULOGICALID
    C:0 R:? SH: 2 SL:  6                 PS   PSU AC 01                2

RU  RUREVISION                           RUSERIALNO
 4  BMG 980 337/1         R3E            BR80963296   

    RUPOSITION                           RULOGICALID
    C:0 R:? SH: 2 SL:  9                 BF   BFU                      0

RU  RUREVISION                           RUSERIALNO
 5  104/BFM 901 292       R13A           B090094225   

    RUPOSITION                           RULOGICALID
    C:0 R:- SH:-- SL:---                 CABI RBS 6102                 0

RU  RUREVISION                           RUSERIALNO
 6  BGM 136 1006/1        R4A            CR93471200   

    RUPOSITION                           RULOGICALID
    C:0 R:- SH:-- SL:---                 SC   SCU 01 01                0

RU  RUREVISION                           RUSERIALNO
 7  ZHY 601 17/1          R1D            CR93480571   

    RUPOSITION                           RULOGICALID
    C:0 R:- SH:-- SL:---                 SA   SAU 01 01                0

RU  RUREVISION                           RUSERIALNO
 8  BMG 980 336/2         R5C            X051757244   

    RUPOSITION                           RULOGICALID
    C:0 R:? SH: 2 SL:  3                 PD   PDU 01 01                0

RU  RUREVISION                           RUSERIALNO
 9  BMG 980 336/2         R5C            X051755233   

    RUPOSITION                           RULOGICALID
    C:0 R:? SH: 2 SL:  2                 PD   PDU 01 01                1

RU  RUREVISION                           RUSERIALNO
10  BMG 980 336/2         R5C            X051756815   

    RUPOSITION                           RULOGICALID
    C:0 R:? SH: 2 SL:  1                 PD   PDU 01 01                2

RU  RUREVISION                           RUSERIALNO
11  KRC 161 619/1         R2C            CA74471999   

    RUPOSITION                           RULOGICALID
    C:0 R:- SH:-- SL:---                 MCTR Radio 2219 B3            0

RU  RUREVISION                           RUSERIALNO
12  KRC 161 619/1         R2C            CA74471999   

    RUPOSITION                           RULOGICALID
    C:0 R:- SH:-- SL:---                 MCTR Radio 2219 B3            1

RU  RUREVISION                           RUSERIALNO
13  KRC 161 619/1         R2C            CA74472082   

    RUPOSITION                           RULOGICALID
    C:0 R:- SH:-- SL:---                 MCTR Radio 2219 B3            2

RU  RUREVISION                           RUSERIALNO
14  KRC 161 619/1         R2C            CA74472082   

    RUPOSITION                           RULOGICALID
    C:0 R:- SH:-- SL:---                 MCTR Radio 2219 B3            3

RU  RUREVISION                           RUSERIALNO
15  KRC 161 619/1         R2C            CA74573364   

    RUPOSITION                           RULOGICALID
    C:0 R:- SH:-- SL:---                 MCTR Radio 2219 B3            4

RU  RUREVISION                           RUSERIALNO
16  KRC 161 619/1         R2C            CA74573364   

    RUPOSITION                           RULOGICALID
    C:0 R:- SH:-- SL:---                 MCTR Radio 2219 B3            5

STATE  BLSTATE  INTERCNT  CONCNT  CONERRCNT  LASTFLT   LFREASON
OPER            00012                                   

FAULT CODES CLASS 2A
 37

EXTERNAL FAULT CODES CLASS 2B
 9

REPLACEMENT UNITS
51

MO                   BTSSWVER          
RXOMCTR-22-0         ERA-G07-R32-V01

RU  RUREVISION                           RUSERIALNO
 0

    RUPOSITION                           RULOGICALID
    

STATE  BLSTATE  INTERCNT  CONCNT  CONERRCNT  LASTFLT   LFREASON
FAIL   BLO      00000                        LOADFAIL  BTSREJ

FAULT CODES CLASS 1B
 2

FAULT CODES CLASS 2A
 28

MO                   BTSSWVER          
RXOMCTR-22-1         ERA-G07-R32-V01

RU  RUREVISION                           RUSERIALNO
 0

    RUPOSITION                           RULOGICALID
    

STATE  BLSTATE  INTERCNT  CONCNT  CONERRCNT  LASTFLT   LFREASON
FAIL   BLO      00000                        LOADFAIL  BTSREJ

FAULT CODES CLASS 1B
 2

FAULT CODES CLASS 2A
 28

MO                   BTSSWVER          
RXOMCTR-22-2         ERA-G07-R32-V01

RU  RUREVISION                           RUSERIALNO
 0

    RUPOSITION                           RULOGICALID
    

STATE  BLSTATE  INTERCNT  CONCNT  CONERRCNT  LASTFLT   LFREASON
FAIL   BLO      00000                        LOADFAIL  BTSREJ

FAULT CODES CLASS 1B
 2

FAULT CODES CLASS 2A
 28

MO                   BTSSWVER          
RXOMCTR-22-3         ERA-G07-R32-V01

RU  RUREVISION                           RUSERIALNO
 0

    RUPOSITION                           RULOGICALID
    

STATE  BLSTATE  INTERCNT  CONCNT  CONERRCNT  LASTFLT   LFREASON
FAIL   BLO      00000                        LOADFAIL  BTSREJ

FAULT CODES CLASS 1B
 2

FAULT CODES CLASS 2A
 28

MO                   BTSSWVER          
RXOMCTR-22-4         ERA-G07-R32-V01

RU  RUREVISION                           RUSERIALNO
 0

    RUPOSITION                           RULOGICALID
    

STATE  BLSTATE  INTERCNT  CONCNT  CONERRCNT  LASTFLT   LFREASON
FAIL   BLO      00000                        LOADFAIL  BTSREJ

FAULT CODES CLASS 1B
 2

FAULT CODES CLASS 2A
 28

MO                   BTSSWVER          
RXOMCTR-22-5         ERA-G07-R32-V01

RU  RUREVISION                           RUSERIALNO
 0

    RUPOSITION                           RULOGICALID
    

STATE  BLSTATE  INTERCNT  CONCNT  CONERRCNT  LASTFLT   LFREASON
FAIL   BLO      00000                        LOADFAIL  BTSREJ

FAULT CODES CLASS 1B
 2

FAULT CODES CLASS 2A
 28

END

<rxmsp:mo=rxotg-22,subord;
RADIO X-CEIVER ADMINISTRATION
MANAGED OBJECT STATUS

MO               STATE  BLSTATE    BLO   BLA   LMO    BTS   CONF
RXOTG-22         OPER              0000  0000         STA
RXOCF-22         OPER              0000  0000         STA
RXOIS-22         OPER              0000  0000         DIS   CONF
RXOCON-22        OPER              0000  0000         DIS   CONF
RXOTRX-22-0      NOOP   BLO        0440  000A         RES
RXORX-22-0       NOOP   BLO        0010  000A  4140   RES   UNCONF
RXOTS-22-0-0     NOOP   BLO        0010  020A  4D40   RES   UNCONF
RXOTS-22-0-1     NOOP   BLO        0010  020A  4D40   RES   UNCONF
RXOTS-22-0-2     NOOP   BLO        0010  020A  4D40   RES   UNCONF
RXOTS-22-0-3     NOOP   BLO        0010  020A  4D40   RES   UNCONF
RXOTS-22-0-4     NOOP   BLO        0010  020A  4D40   RES   UNCONF
RXOTS-22-0-5     NOOP   BLO        0010  020A  4D40   RES   UNCONF
RXOTS-22-0-6     NOOP   BLO        0010  020A  4D40   RES   UNCONF
RXOTS-22-0-7     NOOP   BLO        0010  020A  4D40   RES   UNCONF
RXOTX-22-0       NOOP   BLO        0010  000A  4140   RES   UNCONF
RXOTRX-22-1      NOOP   BLO        0440  000A         RES
RXORX-22-1       NOOP   BLO        0010  000A  4140   RES   UNCONF
RXOTS-22-1-0     NOOP   BLO        0010  020A  4D40   RES   UNCONF
RXOTS-22-1-1     NOOP   BLO        0010  020A  4D40   RES   UNCONF
RXOTS-22-1-2     NOOP   BLO        0010  020A  4D40   RES   UNCONF
RXOTS-22-1-3     NOOP   BLO        0010  020A  4D40   RES   UNCONF
RXOTS-22-1-4     NOOP   BLO        0010  020A  4D40   RES   UNCONF
RXOTS-22-1-5     NOOP   BLO        0010  020A  4D40   RES   UNCONF
RXOTS-22-1-6     NOOP   BLO        0010  020A  4D40   RES   UNCONF
RXOTS-22-1-7     NOOP   BLO        0010  020A  4D40   RES   UNCONF
RXOTX-22-1       NOOP   BLO        0010  000A  4140   RES   UNCONF
RXOTRX-22-2      NOOP   BLO        0440  000A         RES
RXORX-22-2       NOOP   BLO        0010  000A  4140   RES   UNCONF
RXOTS-22-2-0     NOOP   BLO        0010  020A  4D40   RES   UNCONF
RXOTS-22-2-1     NOOP   BLO        0010  020A  4D40   RES   UNCONF
RXOTS-22-2-2     NOOP   BLO        0010  020A  4D40   RES   UNCONF
RXOTS-22-2-3     NOOP   BLO        0010  020A  4D40   RES   UNCONF
RXOTS-22-2-4     NOOP   BLO        0010  020A  4D40   RES   UNCONF
RXOTS-22-2-5     NOOP   BLO        0010  020A  4D40   RES   UNCONF
RXOTS-22-2-6     NOOP   BLO        0010  020A  4D40   RES   UNCONF
RXOTS-22-2-7     NOOP   BLO        0010  020A  4D40   RES   UNCONF
RXOTX-22-2       NOOP   BLO        0010  000A  4140   RES   UNCONF
RXOTRX-22-4      NOOP   BLO        0040  000A         RES
RXORX-22-4       NOOP   BLO        0010  000A  4140   RES   UNCONF
RXOTS-22-4-0     NOOP   BLO        0010  000A  4D40   RES   UNCONF
RXOTS-22-4-1     NOOP   BLO        0010  000A  4D40   RES   UNCONF
RXOTS-22-4-2     NOOP   BLO        0010  000A  4D40   RES   UNCONF
RXOTS-22-4-3     NOOP   BLO        0010  000A  4D40   RES   UNCONF
RXOTS-22-4-4     NOOP   BLO        0010  000A  4D40   RES   UNCONF
RXOTS-22-4-5     NOOP   BLO        0010  000A  4D40   RES   UNCONF
RXOTS-22-4-6     NOOP   BLO        0010  000A  4D40   RES   UNCONF
RXOTS-22-4-7     NOOP   BLO        0010  000A  4D40   RES   UNCONF
RXOTX-22-4       NOOP   BLO        0010  000A  4140   RES   UNCONF
RXOTRX-22-5      NOOP   BLO        0040  000A         RES
RXORX-22-5       NOOP   BLO        0010  000A  4140   RES   UNCONF
RXOTS-22-5-0     NOOP   BLO        0010  000A  4D40   RES   UNCONF
RXOTS-22-5-1     NOOP   BLO        0010  000A  4D40   RES   UNCONF
RXOTS-22-5-2     NOOP   BLO        0010  000A  4D40   RES   UNCONF
RXOTS-22-5-3     NOOP   BLO        0010  000A  4D40   RES   UNCONF
RXOTS-22-5-4     NOOP   BLO        0010  000A  4D40   RES   UNCONF
RXOTS-22-5-5     NOOP   BLO        0010  000A  4D40   RES   UNCONF
RXOTS-22-5-6     NOOP   BLO        0010  000A  4D40   RES   UNCONF
RXOTS-22-5-7     NOOP   BLO        0010  000A  4D40   RES   UNCONF
RXOTX-22-5       NOOP   BLO        0010  000A  4140   RES   UNCONF
RXOTRX-22-6      NOOP   BLO        0040  000A         RES
RXORX-22-6       NOOP   BLO        0010  000A  4140   RES   UNCONF
RXOTS-22-6-0     NOOP   BLO        0010  000A  4D40   RES   UNCONF
RXOTS-22-6-1     NOOP   BLO        0010  000A  4D40   RES   UNCONF
RXOTS-22-6-2     NOOP   BLO        0010  000A  4D40   RES   UNCONF
RXOTS-22-6-3     NOOP   BLO        0010  000A  4D40   RES   UNCONF
RXOTS-22-6-4     NOOP   BLO        0010  000A  4D40   RES   UNCONF
RXOTS-22-6-5     NOOP   BLO        0010  000A  4D40   RES   UNCONF
RXOTS-22-6-6     NOOP   BLO        0010  000A  4D40   RES   UNCONF
RXOTS-22-6-7     NOOP   BLO        0010  000A  4D40   RES   UNCONF
RXOTX-22-6       NOOP   BLO        0010  000A  4140   RES   UNCONF
RXOTRX-22-8      NOOP   BLO        0040  000A         RES
RXORX-22-8       NOOP   BLO        0010  000A  4140   RES   UNCONF
RXOTS-22-8-0     NOOP   BLO        0010  000A  4D40   RES   UNCONF
RXOTS-22-8-1     NOOP   BLO        0010  000A  4D40   RES   UNCONF
RXOTS-22-8-2     NOOP   BLO        0010  000A  4D40   RES   UNCONF
RXOTS-22-8-3     NOOP   BLO        0010  000A  4D40   RES   UNCONF
RXOTS-22-8-4     NOOP   BLO        0010  000A  4D40   RES   UNCONF
RXOTS-22-8-5     NOOP   BLO        0010  000A  4D40   RES   UNCONF
RXOTS-22-8-6     NOOP   BLO        0010  000A  4D40   RES   UNCONF
RXOTS-22-8-7     NOOP   BLO        0010  000A  4D40   RES   UNCONF
RXOTX-22-8       NOOP   BLO        0010  000A  4140   RES   UNCONF
RXOTRX-22-9      NOOP   BLO        0040  000A         RES
RXORX-22-9       NOOP   BLO        0010  000A  4140   RES   UNCONF
RXOTS-22-9-0     NOOP   BLO        0010  000A  4D40   RES   UNCONF
RXOTS-22-9-1     NOOP   BLO        0010  000A  4D40   RES   UNCONF
RXOTS-22-9-2     NOOP   BLO        0010  000A  4D40   RES   UNCONF
RXOTS-22-9-3     NOOP   BLO        0010  000A  4D40   RES   UNCONF
RXOTS-22-9-4     NOOP   BLO        0010  000A  4D40   RES   UNCONF
RXOTS-22-9-5     NOOP   BLO        0010  000A  4D40   RES   UNCONF
RXOTS-22-9-6     NOOP   BLO        0010  000A  4D40   RES   UNCONF
RXOTS-22-9-7     NOOP   BLO        0010  000A  4D40   RES   UNCONF
RXOTX-22-9       NOOP   BLO        0010  000A  4140   RES   UNCONF
RXOTRX-22-10     NOOP   BLO        0040  000A         RES
RXORX-22-10      NOOP   BLO        0010  000A  4140   RES   UNCONF
RXOTS-22-10-0    NOOP   BLO        0010  000A  4D40   RES   UNCONF
RXOTS-22-10-1    NOOP   BLO        0010  000A  4D40   RES   UNCONF
RXOTS-22-10-2    NOOP   BLO        0010  000A  4D40   RES   UNCONF
RXOTS-22-10-3    NOOP   BLO        0010  000A  4D40   RES   UNCONF
RXOTS-22-10-4    NOOP   BLO        0010  000A  4D40   RES   UNCONF
RXOTS-22-10-5    NOOP   BLO        0010  000A  4D40   RES   UNCONF
RXOTS-22-10-6    NOOP   BLO        0010  000A  4D40   RES   UNCONF
RXOTS-22-10-7    NOOP   BLO        0010  000A  4D40   RES   UNCONF
RXOTX-22-10      NOOP   BLO        0010  000A  4140   RES   UNCONF
RXOTF-22         OPER              0000  0000  0000   ENA   ENA
RXODP-22-0       OPER              0000  0000         ENA   ENA
RXOMCTR-22-0     FAIL   BLO        0001  001E  0140   RES   UNCONF
RXOMCTR-22-1     FAIL   BLO        0001  001E  0140   RES   UNCONF
RXOMCTR-22-2     FAIL   BLO        0001  001E  0140   RES   UNCONF
RXOMCTR-22-3     FAIL   BLO        0001  001E  0140   RES   UNCONF
RXOMCTR-22-4     FAIL   BLO        0001  001E  0140   RES   UNCONF
RXOMCTR-22-5     FAIL   BLO        0001  001E  0140   RES   UNCONF

END

